<?xml version="1.0" encoding="UTF-8"?>
<!-- Generated by org.testng.reporters.JUnitReportReporter -->
<testsuite skipped="0" hostname="Nishanths-MacBook-Pro.local" name="learning.AppiumFramwork.AddingitemstoCart" tests="1" failures="0" timestamp="2020-12-23T17:30:51 EST" time="38.069" errors="0">
  <testcase name="testvalidation" time="38.069" classname="learning.AppiumFramwork.AddingitemstoCart"/>
  <system-out/>
</testsuite> <!-- learning.AppiumFramwork.AddingitemstoCart -->
